info  - Loaded env from C:\GitHubRepos\NextJsLab\.env.development
info  - Loaded env from C:\GitHubRepos\NextJsLab\.env
wait  - compiling...
event - compiled client and server successfully in 2.1s (1082 modules)
> Ready on http://localhost:8080
wait  - compiling...
event - compiled client and server successfully in 514 ms (1082 modules)
info  - Loaded env from C:\GitHubRepos\NextJsLab\.env.development
info  - Loaded env from C:\GitHubRepos\NextJsLab\.env
info  - Loaded env from C:\GitHubRepos\NextJsLab\.env.development
info  - Loaded env from C:\GitHubRepos\NextJsLab\.env
info  - Loaded env from C:\GitHubRepos\NextJsLab\.env.development
info  - Loaded env from C:\GitHubRepos\NextJsLab\.env
info  - Loaded env from C:\GitHubRepos\NextJsLab\.env.development
info  - Loaded env from C:\GitHubRepos\NextJsLab\.env
wait  - compiling...
event - compiled client and server successfully in 2.5s (1082 modules)
> Ready on http://localhost:8080
wait  - compiling / (client and server)...
wait  - compiling...
event - compiled client and server successfully in 1101 ms (1093 modules)
wait  - compiling /[area]/[pageId] (client and server)...
wait  - compiling...
event - compiled client and server successfully in 2.6s (1404 modules)
getServerSideProps { area: 'demo2', pageId: 'dm2020' }
getServerSideProps { area: 'demo2', pageId: 'dm2010' }
getServerSideProps { area: 'demo2', pageId: 'dm2020' }
getServerSideProps { area: 'demo2', pageId: 'dm2010' }
getServerSideProps { area: 'demo2', pageId: 'dm2020' }
getServerSideProps { area: 'demo2', pageId: 'dm2010' }
wait  - compiling /demo/dm0004 (client and server)...
wait  - compiling...
event - compiled client and server successfully in 1001 ms (1523 modules)
wait  - compiling /main (client and server)...
wait  - compiling...
event - compiled client and server successfully in 289 ms (1526 modules)
getServerSideProps { area: 'demo2', pageId: 'dm2020' }
getServerSideProps { area: 'demo2', pageId: 'dm2020' }
getServerSideProps { area: 'demo2', pageId: 'dm2010' }
wait  - compiling / (client and server)...
wait  - compiling...
event - compiled client and server successfully in 568 ms (1487 modules)
wait  - compiling /404 (client and server)...
wait  - compiling...
event - compiled client and server successfully in 331 ms (1490 modules)
wait  - compiling /_error (client and server)...
wait  - compiling...
event - compiled client and server successfully in 175 ms (1491 modules)
info  - Loaded env from C:\GitHubRepos\NextJsLab\.env.development
info  - Loaded env from C:\GitHubRepos\NextJsLab\.env
wait  - compiling...
event - compiled client and server successfully in 2.3s (1082 modules)
> Ready on http://localhost:8080
