node:internal/modules/cjs/loader:936
  throw err;
  ^

Error: Cannot find module 'next'
Require stack:
- C:\GitHubRepos\NextJsLab\server.js
    at Function.Module._resolveFilename (node:internal/modules/cjs/loader:933:15)
    at Function.Module._load (node:internal/modules/cjs/loader:778:27)
    at Module.require (node:internal/modules/cjs/loader:1005:19)
    at require (node:internal/modules/cjs/helpers:102:18)
    at Object.<anonymous> (C:\GitHubRepos\NextJsLab\server.js:5:14)
    at Module._compile (node:internal/modules/cjs/loader:1103:14)
    at Object.Module._extensions..js (node:internal/modules/cjs/loader:1155:10)
    at Module.load (node:internal/modules/cjs/loader:981:32)
    at Function.Module._load (node:internal/modules/cjs/loader:822:12)
    at Function.executeUserEntryPoint [as runMain] (node:internal/modules/run_main:77:12) {
  code: 'MODULE_NOT_FOUND',
  requireStack: [ 'C:\\GitHubRepos\\NextJsLab\\server.js' ]
}
node:internal/modules/cjs/loader:936
  throw err;
  ^

Error: Cannot find module 'next'
Require stack:
- C:\GitHubRepos\NextJsLab\server.js
    at Function.Module._resolveFilename (node:internal/modules/cjs/loader:933:15)
    at Function.Module._load (node:internal/modules/cjs/loader:778:27)
    at Module.require (node:internal/modules/cjs/loader:1005:19)
    at require (node:internal/modules/cjs/helpers:102:18)
    at Object.<anonymous> (C:\GitHubRepos\NextJsLab\server.js:5:14)
    at Module._compile (node:internal/modules/cjs/loader:1103:14)
    at Object.Module._extensions..js (node:internal/modules/cjs/loader:1155:10)
    at Module.load (node:internal/modules/cjs/loader:981:32)
    at Function.Module._load (node:internal/modules/cjs/loader:822:12)
    at Function.executeUserEntryPoint [as runMain] (node:internal/modules/run_main:77:12) {
  code: 'MODULE_NOT_FOUND',
  requireStack: [ 'C:\\GitHubRepos\\NextJsLab\\server.js' ]
}
node:internal/modules/cjs/loader:936
  throw err;
  ^

Error: Cannot find module 'next'
Require stack:
- C:\GitHubRepos\NextJsLab\server.js
    at Function.Module._resolveFilename (node:internal/modules/cjs/loader:933:15)
    at Function.Module._load (node:internal/modules/cjs/loader:778:27)
    at Module.require (node:internal/modules/cjs/loader:1005:19)
    at require (node:internal/modules/cjs/helpers:102:18)
    at Object.<anonymous> (C:\GitHubRepos\NextJsLab\server.js:5:14)
    at Module._compile (node:internal/modules/cjs/loader:1103:14)
    at Object.Module._extensions..js (node:internal/modules/cjs/loader:1155:10)
    at Module.load (node:internal/modules/cjs/loader:981:32)
    at Function.Module._load (node:internal/modules/cjs/loader:822:12)
    at Function.executeUserEntryPoint [as runMain] (node:internal/modules/run_main:77:12) {
  code: 'MODULE_NOT_FOUND',
  requireStack: [ 'C:\\GitHubRepos\\NextJsLab\\server.js' ]
}
C:\Users\RelyK\AppData\Roaming\npm\node_modules\qckwinsvc\node_modules\node-windows\lib\wrapper.js:177
    child.send('shutdown');
          ^

TypeError: Cannot read properties of null (reading 'send')
    at process.killkid (C:\Users\RelyK\AppData\Roaming\npm\node_modules\qckwinsvc\node_modules\node-windows\lib\wrapper.js:177:11)
    at process.emit (node:events:520:28)
    at process.exit (node:internal/process/per_thread:189:15)
    at monitor (C:\Users\RelyK\AppData\Roaming\npm\node_modules\qckwinsvc\node_modules\node-windows\lib\wrapper.js:99:17)
    at ChildProcess.<anonymous> (C:\Users\RelyK\AppData\Roaming\npm\node_modules\qckwinsvc\node_modules\node-windows\lib\wrapper.js:170:5)
    at ChildProcess.emit (node:events:520:28)
    at Process.ChildProcess._handle.onexit (node:internal/child_process:291:12)
node:internal/modules/cjs/loader:936
  throw err;
  ^

Error: Cannot find module 'next'
Require stack:
- C:\GitHubRepos\NextJsLab\server.js
    at Function.Module._resolveFilename (node:internal/modules/cjs/loader:933:15)
    at Function.Module._load (node:internal/modules/cjs/loader:778:27)
    at Module.require (node:internal/modules/cjs/loader:1005:19)
    at require (node:internal/modules/cjs/helpers:102:18)
    at Object.<anonymous> (C:\GitHubRepos\NextJsLab\server.js:5:14)
    at Module._compile (node:internal/modules/cjs/loader:1103:14)
    at Object.Module._extensions..js (node:internal/modules/cjs/loader:1155:10)
    at Module.load (node:internal/modules/cjs/loader:981:32)
    at Function.Module._load (node:internal/modules/cjs/loader:822:12)
    at Function.executeUserEntryPoint [as runMain] (node:internal/modules/run_main:77:12) {
  code: 'MODULE_NOT_FOUND',
  requireStack: [ 'C:\\GitHubRepos\\NextJsLab\\server.js' ]
}
node:internal/modules/cjs/loader:936
  throw err;
  ^

Error: Cannot find module 'next'
Require stack:
- C:\GitHubRepos\NextJsLab\server.js
    at Function.Module._resolveFilename (node:internal/modules/cjs/loader:933:15)
    at Function.Module._load (node:internal/modules/cjs/loader:778:27)
    at Module.require (node:internal/modules/cjs/loader:1005:19)
    at require (node:internal/modules/cjs/helpers:102:18)
    at Object.<anonymous> (C:\GitHubRepos\NextJsLab\server.js:5:14)
    at Module._compile (node:internal/modules/cjs/loader:1103:14)
    at Object.Module._extensions..js (node:internal/modules/cjs/loader:1155:10)
    at Module.load (node:internal/modules/cjs/loader:981:32)
    at Function.Module._load (node:internal/modules/cjs/loader:822:12)
    at Function.executeUserEntryPoint [as runMain] (node:internal/modules/run_main:77:12) {
  code: 'MODULE_NOT_FOUND',
  requireStack: [ 'C:\\GitHubRepos\\NextJsLab\\server.js' ]
}
node:internal/modules/cjs/loader:936
  throw err;
  ^

Error: Cannot find module 'next'
Require stack:
- C:\GitHubRepos\NextJsLab\server.js
    at Function.Module._resolveFilename (node:internal/modules/cjs/loader:933:15)
    at Function.Module._load (node:internal/modules/cjs/loader:778:27)
    at Module.require (node:internal/modules/cjs/loader:1005:19)
    at require (node:internal/modules/cjs/helpers:102:18)
    at Object.<anonymous> (C:\GitHubRepos\NextJsLab\server.js:5:14)
    at Module._compile (node:internal/modules/cjs/loader:1103:14)
    at Object.Module._extensions..js (node:internal/modules/cjs/loader:1155:10)
    at Module.load (node:internal/modules/cjs/loader:981:32)
    at Function.Module._load (node:internal/modules/cjs/loader:822:12)
    at Function.executeUserEntryPoint [as runMain] (node:internal/modules/run_main:77:12) {
  code: 'MODULE_NOT_FOUND',
  requireStack: [ 'C:\\GitHubRepos\\NextJsLab\\server.js' ]
}
C:\Users\RelyK\AppData\Roaming\npm\node_modules\qckwinsvc\node_modules\node-windows\lib\wrapper.js:177
    child.send('shutdown');
          ^

TypeError: Cannot read properties of null (reading 'send')
    at process.killkid (C:\Users\RelyK\AppData\Roaming\npm\node_modules\qckwinsvc\node_modules\node-windows\lib\wrapper.js:177:11)
    at process.emit (node:events:520:28)
    at process.exit (node:internal/process/per_thread:189:15)
    at monitor (C:\Users\RelyK\AppData\Roaming\npm\node_modules\qckwinsvc\node_modules\node-windows\lib\wrapper.js:99:17)
    at ChildProcess.<anonymous> (C:\Users\RelyK\AppData\Roaming\npm\node_modules\qckwinsvc\node_modules\node-windows\lib\wrapper.js:170:5)
    at ChildProcess.emit (node:events:520:28)
    at Process.ChildProcess._handle.onexit (node:internal/child_process:291:12)
node:internal/modules/cjs/loader:936
  throw err;
  ^

Error: Cannot find module 'next'
Require stack:
- C:\GitHubRepos\NextJsLab\server.js
    at Function.Module._resolveFilename (node:internal/modules/cjs/loader:933:15)
    at Function.Module._load (node:internal/modules/cjs/loader:778:27)
    at Module.require (node:internal/modules/cjs/loader:1005:19)
    at require (node:internal/modules/cjs/helpers:102:18)
    at Object.<anonymous> (C:\GitHubRepos\NextJsLab\server.js:5:14)
    at Module._compile (node:internal/modules/cjs/loader:1103:14)
    at Object.Module._extensions..js (node:internal/modules/cjs/loader:1155:10)
    at Module.load (node:internal/modules/cjs/loader:981:32)
    at Function.Module._load (node:internal/modules/cjs/loader:822:12)
    at Function.executeUserEntryPoint [as runMain] (node:internal/modules/run_main:77:12) {
  code: 'MODULE_NOT_FOUND',
  requireStack: [ 'C:\\GitHubRepos\\NextJsLab\\server.js' ]
}
node:internal/modules/cjs/loader:936
  throw err;
  ^

Error: Cannot find module 'next'
Require stack:
- C:\GitHubRepos\NextJsLab\server.js
    at Function.Module._resolveFilename (node:internal/modules/cjs/loader:933:15)
    at Function.Module._load (node:internal/modules/cjs/loader:778:27)
    at Module.require (node:internal/modules/cjs/loader:1005:19)
    at require (node:internal/modules/cjs/helpers:102:18)
    at Object.<anonymous> (C:\GitHubRepos\NextJsLab\server.js:5:14)
    at Module._compile (node:internal/modules/cjs/loader:1103:14)
    at Object.Module._extensions..js (node:internal/modules/cjs/loader:1155:10)
    at Module.load (node:internal/modules/cjs/loader:981:32)
    at Function.Module._load (node:internal/modules/cjs/loader:822:12)
    at Function.executeUserEntryPoint [as runMain] (node:internal/modules/run_main:77:12) {
  code: 'MODULE_NOT_FOUND',
  requireStack: [ 'C:\\GitHubRepos\\NextJsLab\\server.js' ]
}
node:internal/modules/cjs/loader:936
  throw err;
  ^

Error: Cannot find module 'next'
Require stack:
- C:\GitHubRepos\NextJsLab\server.js
    at Function.Module._resolveFilename (node:internal/modules/cjs/loader:933:15)
    at Function.Module._load (node:internal/modules/cjs/loader:778:27)
    at Module.require (node:internal/modules/cjs/loader:1005:19)
    at require (node:internal/modules/cjs/helpers:102:18)
    at Object.<anonymous> (C:\GitHubRepos\NextJsLab\server.js:5:14)
    at Module._compile (node:internal/modules/cjs/loader:1103:14)
    at Object.Module._extensions..js (node:internal/modules/cjs/loader:1155:10)
    at Module.load (node:internal/modules/cjs/loader:981:32)
    at Function.Module._load (node:internal/modules/cjs/loader:822:12)
    at Function.executeUserEntryPoint [as runMain] (node:internal/modules/run_main:77:12) {
  code: 'MODULE_NOT_FOUND',
  requireStack: [ 'C:\\GitHubRepos\\NextJsLab\\server.js' ]
}
C:\Users\RelyK\AppData\Roaming\npm\node_modules\qckwinsvc\node_modules\node-windows\lib\wrapper.js:177
    child.send('shutdown');
          ^

TypeError: Cannot read properties of null (reading 'send')
    at process.killkid (C:\Users\RelyK\AppData\Roaming\npm\node_modules\qckwinsvc\node_modules\node-windows\lib\wrapper.js:177:11)
    at process.emit (node:events:520:28)
    at process.exit (node:internal/process/per_thread:189:15)
    at monitor (C:\Users\RelyK\AppData\Roaming\npm\node_modules\qckwinsvc\node_modules\node-windows\lib\wrapper.js:99:17)
    at ChildProcess.<anonymous> (C:\Users\RelyK\AppData\Roaming\npm\node_modules\qckwinsvc\node_modules\node-windows\lib\wrapper.js:170:5)
    at ChildProcess.emit (node:events:520:28)
    at Process.ChildProcess._handle.onexit (node:internal/child_process:291:12)
C:\GitHubRepos\NextJsLab\node_modules\next\dist\lib\find-pages-dir.js:39
        throw new Error("> Couldn't find a `pages` directory. Please create one under the project root");
              ^

Error: > Couldn't find a `pages` directory. Please create one under the project root
    at Object.findPagesDir (C:\GitHubRepos\NextJsLab\node_modules\next\dist\lib\find-pages-dir.js:39:15)
    at new DevServer (C:\GitHubRepos\NextJsLab\node_modules\next\dist\server\dev\next-dev-server.js:137:73)
    at NextServer.createServer (C:\GitHubRepos\NextJsLab\node_modules\next\dist\server\next.js:106:20)
    at C:\GitHubRepos\NextJsLab\node_modules\next\dist\server\next.js:121:42
    at async NextServer.prepare (C:\GitHubRepos\NextJsLab\node_modules\next\dist\server\next.js:96:24)
C:\GitHubRepos\NextJsLab\node_modules\next\dist\lib\find-pages-dir.js:39
        throw new Error("> Couldn't find a `pages` directory. Please create one under the project root");
              ^

Error: > Couldn't find a `pages` directory. Please create one under the project root
    at Object.findPagesDir (C:\GitHubRepos\NextJsLab\node_modules\next\dist\lib\find-pages-dir.js:39:15)
    at new DevServer (C:\GitHubRepos\NextJsLab\node_modules\next\dist\server\dev\next-dev-server.js:137:73)
    at NextServer.createServer (C:\GitHubRepos\NextJsLab\node_modules\next\dist\server\next.js:106:20)
    at C:\GitHubRepos\NextJsLab\node_modules\next\dist\server\next.js:121:42
    at async NextServer.prepare (C:\GitHubRepos\NextJsLab\node_modules\next\dist\server\next.js:96:24)
C:\GitHubRepos\NextJsLab\node_modules\next\dist\lib\find-pages-dir.js:39
        throw new Error("> Couldn't find a `pages` directory. Please create one under the project root");
              ^

Error: > Couldn't find a `pages` directory. Please create one under the project root
    at Object.findPagesDir (C:\GitHubRepos\NextJsLab\node_modules\next\dist\lib\find-pages-dir.js:39:15)
    at new DevServer (C:\GitHubRepos\NextJsLab\node_modules\next\dist\server\dev\next-dev-server.js:137:73)
    at NextServer.createServer (C:\GitHubRepos\NextJsLab\node_modules\next\dist\server\next.js:106:20)
    at C:\GitHubRepos\NextJsLab\node_modules\next\dist\server\next.js:121:42
    at async NextServer.prepare (C:\GitHubRepos\NextJsLab\node_modules\next\dist\server\next.js:96:24)
C:\Users\RelyK\AppData\Roaming\npm\node_modules\qckwinsvc\node_modules\node-windows\lib\wrapper.js:177
    child.send('shutdown');
          ^

TypeError: Cannot read properties of null (reading 'send')
    at process.killkid (C:\Users\RelyK\AppData\Roaming\npm\node_modules\qckwinsvc\node_modules\node-windows\lib\wrapper.js:177:11)
    at process.emit (node:events:520:28)
    at process.exit (node:internal/process/per_thread:189:15)
    at monitor (C:\Users\RelyK\AppData\Roaming\npm\node_modules\qckwinsvc\node_modules\node-windows\lib\wrapper.js:99:17)
    at ChildProcess.<anonymous> (C:\Users\RelyK\AppData\Roaming\npm\node_modules\qckwinsvc\node_modules\node-windows\lib\wrapper.js:170:5)
    at ChildProcess.emit (node:events:520:28)
    at Process.ChildProcess._handle.onexit (node:internal/child_process:291:12)
TypeError: Cannot destructure property 'components' of 'object null' as it is null.
    at DevServer.renderToResponseWithComponents (C:\GitHubRepos\NextJsLab\node_modules\next\dist\server\base-server.js:705:90)
    at DevServer.renderErrorToResponse (C:\GitHubRepos\NextJsLab\node_modules\next\dist\server\base-server.js:1203:35)
    at async DevServer.pipe (C:\GitHubRepos\NextJsLab\node_modules\next\dist\server\base-server.js:628:25)
    at async Object.fn (C:\GitHubRepos\NextJsLab\node_modules\next\dist\server\base-server.js:504:21)
    at async Router.execute (C:\GitHubRepos\NextJsLab\node_modules\next\dist\server\router.js:226:36)
    at async DevServer.run (C:\GitHubRepos\NextJsLab\node_modules\next\dist\server\base-server.js:606:29)
    at async DevServer.run (C:\GitHubRepos\NextJsLab\node_modules\next\dist\server\dev\next-dev-server.js:450:20)
    at async DevServer.handleRequest (C:\GitHubRepos\NextJsLab\node_modules\next\dist\server\base-server.js:321:20)
    at async Server.<anonymous> (C:\GitHubRepos\NextJsLab\server.js:27:9)
TypeError: Cannot destructure property 'components' of 'object null' as it is null.
    at DevServer.renderToResponseWithComponents (C:\GitHubRepos\NextJsLab\node_modules\next\dist\server\base-server.js:705:90)
    at DevServer.renderErrorToResponse (C:\GitHubRepos\NextJsLab\node_modules\next\dist\server\base-server.js:1203:35)
    at async DevServer.pipe (C:\GitHubRepos\NextJsLab\node_modules\next\dist\server\base-server.js:628:25)
    at async Object.fn (C:\GitHubRepos\NextJsLab\node_modules\next\dist\server\base-server.js:504:21)
    at async Router.execute (C:\GitHubRepos\NextJsLab\node_modules\next\dist\server\router.js:226:36)
    at async DevServer.run (C:\GitHubRepos\NextJsLab\node_modules\next\dist\server\base-server.js:606:29)
    at async DevServer.run (C:\GitHubRepos\NextJsLab\node_modules\next\dist\server\dev\next-dev-server.js:450:20)
    at async DevServer.handleRequest (C:\GitHubRepos\NextJsLab\node_modules\next\dist\server\base-server.js:321:20)
    at async Server.<anonymous> (C:\GitHubRepos\NextJsLab\server.js:27:9)
